<?xml version="1.0" encoding="UTF-8"?>
<!-- Generated by org.testng.reporters.JUnitReportReporter -->
<testsuite skipped="0" hostname="INTEL" name="test.day1" tests="3" failures="0" timestamp="2020-08-10T21:07:59 IST" time="0.020" errors="0">
  <testcase name="m1" time="0.016" classname="test.day1"/>
  <testcase name="m12" time="0.002" classname="test.day1"/>
  <testcase name="m2" time="0.002" classname="test.day1"/>
</testsuite> <!-- test.day1 -->
