<?xml version="1.0" encoding="UTF-8"?>
<!-- Generated by org.testng.reporters.JUnitReportReporter -->
<testsuite skipped="0" hostname="INTEL" name="test.day2" tests="1" failures="0" timestamp="2020-02-11T09:53:25 IST" time="0.008" errors="0">
  <testcase name="m3" time="0.008" classname="test.day2"/>
</testsuite> <!-- test.day2 -->
