<?xml version="1.0" encoding="UTF-8"?>
<!-- Generated by org.testng.reporters.JUnitReportReporter -->
<testsuite skipped="0" hostname="INTEL" name="test.day3" tests="3" failures="0" timestamp="2020-08-10T20:32:01 IST" time="0.023" errors="0">
  <testcase name="dataAcceptingMethodn" time="0.004" classname="test.day3"/>
  <testcase name="dataAcceptingMethodn" time="0.014" classname="test.day3"/>
  <testcase name="dataAcceptingMethodn" time="0.005" classname="test.day3"/>
</testsuite> <!-- test.day3 -->
