<?xml version="1.0" encoding="UTF-8"?>
<!-- Generated by org.testng.reporters.JUnitReportReporter -->
<testsuite skipped="0" hostname="INTEL" name="test.day4" tests="4" failures="0" timestamp="2020-08-10T20:32:01 IST" time="0.050" errors="0">
  <testcase name="MobilesigninHomeLoan" time="0.022" classname="test.day4"/>
  <testcase name="APIloginHomeLoan" time="0.014" classname="test.day4"/>
  <testcase name="MobilesignoutHomeLoan" time="0.006" classname="test.day4"/>
  <testcase name="MobileloginHomeLoan" time="0.008" classname="test.day4"/>
</testsuite> <!-- test.day4 -->
