<?xml version="1.0" encoding="UTF-8"?>
<!-- Generated by org.testng.reporters.JUnitReportReporter -->
<testsuite skipped="0" hostname="INTEL" name="test.No_Main_Method_Usage" tests="1" failures="0" timestamp="2020-02-06T12:34:29 IST" time="0.025" errors="0">
  <testcase name="nomainmethod" time="0.025" classname="test.No_Main_Method_Usage"/>
</testsuite> <!-- test.No_Main_Method_Usage -->
